
> @nexus/admin@0.1.0 type-check
> tsc --noEmit

app/auth/login/__tests__/page.test.tsx(37,46): error TS2339: Property 'toBeInTheDocument' does not exist on type 'JestMatchers<HTMLElement>'.
app/auth/login/__tests__/page.test.tsx(38,71): error TS2339: Property 'toBeInTheDocument' does not exist on type 'JestMatchers<HTMLElement>'.
app/auth/login/__tests__/page.test.tsx(39,52): error TS2339: Property 'toBeInTheDocument' does not exist on type 'JestMatchers<HTMLElement>'.
app/auth/login/__tests__/page.test.tsx(40,47): error TS2339: Property 'toBeInTheDocument' does not exist on type 'JestMatchers<HTMLElement>'.
app/auth/login/__tests__/page.test.tsx(41,61): error TS2339: Property 'toBeInTheDocument' does not exist on type 'JestMatchers<HTMLElement>'.
app/auth/login/__tests__/page.test.tsx(47,51): error TS2339: Property 'toBeInTheDocument' does not exist on type 'JestMatchers<HTMLElement>'.
app/auth/login/__tests__/page.test.tsx(48,61): error TS2339: Property 'toBeInTheDocument' does not exist on type 'JestMatchers<HTMLElement>'.
app/auth/login/__tests__/page.test.tsx(49,55): error TS2339: Property 'toBeInTheDocument' does not exist on type 'JestMatchers<HTMLElement>'.
app/auth/login/__tests__/page.test.tsx(56,32): error TS2339: Property 'toBeInTheDocument' does not exist on type 'JestMatchers<HTMLElement>'.
app/auth/login/__tests__/page.test.tsx(57,45): error TS2339: Property 'toHaveAttribute' does not exist on type 'JestMatchers<HTMLAnchorElement | null>'.
app/auth/login/__tests__/page.test.tsx(66,24): error TS2339: Property 'toHaveAttribute' does not exist on type 'JestMatchers<HTMLElement>'.
app/auth/login/__tests__/page.test.tsx(67,24): error TS2339: Property 'toHaveAttribute' does not exist on type 'JestMatchers<HTMLElement>'.
app/auth/login/__tests__/page.test.tsx(68,24): error TS2339: Property 'toHaveAttribute' does not exist on type 'JestMatchers<HTMLElement>'.
app/auth/login/__tests__/page.test.tsx(70,27): error TS2339: Property 'toHaveAttribute' does not exist on type 'JestMatchers<HTMLElement>'.
app/auth/login/__tests__/page.test.tsx(71,27): error TS2339: Property 'toHaveAttribute' does not exist on type 'JestMatchers<HTMLElement>'.
app/auth/login/__tests__/page.test.tsx(72,27): error TS2339: Property 'toHaveAttribute' does not exist on type 'JestMatchers<HTMLElement>'.
app/auth/login/__tests__/page.test.tsx(112,49): error TS2339: Property 'toBeInTheDocument' does not exist on type 'JestMatchers<HTMLElement>'.
app/auth/login/__tests__/page.test.tsx(113,45): error TS2339: Property 'toBeInTheDocument' does not exist on type 'JestMatchers<HTMLElement>'.
app/auth/login/__tests__/page.test.tsx(114,28): error TS2339: Property 'toBeDisabled' does not exist on type 'JestMatchers<HTMLElement>'.
app/auth/login/__tests__/page.test.tsx(118,57): error TS2339: Property 'toBeInTheDocument' does not exist on type 'Matchers<void, HTMLElement | null>'.
app/auth/login/__tests__/page.test.tsx(137,48): error TS2339: Property 'toBeInTheDocument' does not exist on type 'JestMatchers<HTMLElement>'.
app/auth/login/__tests__/page.test.tsx(138,52): error TS2339: Property 'toBeInTheDocument' does not exist on type 'JestMatchers<HTMLElement>'.
app/auth/login/__tests__/page.test.tsx(142,32): error TS2339: Property 'toBeDisabled' does not exist on type 'Matchers<void, HTMLElement>'.
app/auth/login/__tests__/page.test.tsx(160,57): error TS2339: Property 'toBeInTheDocument' does not exist on type 'JestMatchers<HTMLElement>'.
app/auth/login/__tests__/page.test.tsx(173,61): error TS2339: Property 'toBeInTheDocument' does not exist on type 'Matchers<void, HTMLElement | null>'.
app/auth/login/__tests__/page.test.tsx(201,72): error TS2339: Property 'toBeInTheDocument' does not exist on type 'Matchers<void, HTMLElement | null>'.
app/auth/login/__tests__/page.test.tsx(220,66): error TS2339: Property 'toBeInTheDocument' does not exist on type 'JestMatchers<HTMLElement>'.
app/auth/login/__tests__/page.test.tsx(223,32): error TS2339: Property 'toBeDisabled' does not exist on type 'Matchers<void, HTMLElement>'.
app/auth/login/__tests__/page.test.tsx(234,26): error TS2339: Property 'toHaveAccessibleName' does not exist on type 'JestMatchers<HTMLElement>'.
app/auth/login/__tests__/page.test.tsx(235,29): error TS2339: Property 'toHaveAccessibleName' does not exist on type 'JestMatchers<HTMLElement>'.
app/auth/login/__tests__/page.test.tsx(253,30): error TS2339: Property 'toBeInTheDocument' does not exist on type 'JestMatchers<HTMLElement>'.
app/auth/login/__tests__/page.test.tsx(254,30): error TS2339: Property 'toHaveClass' does not exist on type 'JestMatchers<HTMLElement>'.
app/users/page.tsx(298,31): error TS2345: Argument of type '(user: User) => JSX.Element' is not assignable to parameter of type '(value: { id: string; email: string; firstName: string; lastName: string; role: UserRole; phone: string | null; costRate: number | null; billRate: number | null; avatarUrl: string | null; isActive: boolean; createdAt: Date; assignedClients: string[]; companyAssignments: { ...; }[]; }, index: number, array: { ...; }[...'.
  Types of parameters 'user' and 'value' are incompatible.
    Type '{ id: string; email: string; firstName: string; lastName: string; role: $Enums.UserRole; phone: string | null; costRate: number | null; billRate: number | null; avatarUrl: string | null; isActive: boolean; createdAt: Date; assignedClients: string[]; companyAssignments: { ...; }[]; }' is not assignable to type 'User'.
      Types of property 'role' are incompatible.
        Type 'import("/Users/adriangillette/Documents/consulting/Braintrust/nexus/node_modules/.prisma/client/index").$Enums.UserRole' is not assignable to type 'UserRole'.
          Type '"client"' is not assignable to type 'UserRole'.
npm ERR! Lifecycle script `type-check` failed with error: 
npm ERR! Error: command failed 
npm ERR!   in workspace: @nexus/admin@0.1.0 
npm ERR!   at location: /Users/adriangillette/Documents/consulting/Braintrust/nexus/apps/admin 
